<?xml version="1.0" encoding="UTF-8"?>
<robot generator="Robot 7.0 (Python 3.12.0 on win32)" generated="2024-04-19T20:10:27.036414" rpa="false" schemaversion="5">
<suite id="s1" name="Api Testing Usuarios" source="C:\Users\aline\OneDrive\Documentos\Cursos Udemy\RobotFramework\ApiTesting\tests\api_testing_usuarios.robot">
<test id="s1-t1" name="Cenário 01: Cadastrar um novo usuário com sucesso na Serverest" line="7">
<kw name="Criar um usuário novo" owner="api_testing_usuarios">
<kw name="Generate Random String" owner="String">
<msg time="2024-04-19T20:10:27.443362" level="INFO">${palavra_aleatoria} = xwri</msg>
<var>${palavra_aleatoria}</var>
<arg>length=4</arg>
<arg>chars=[LETTERS]</arg>
<doc>Generates a string with a desired ``length`` from the given ``chars``.</doc>
<status status="PASS" start="2024-04-19T20:10:27.442365" elapsed="0.000997"/>
</kw>
<kw name="Convert To Lower Case" owner="String">
<msg time="2024-04-19T20:10:27.444360" level="INFO">${palavra_aleatoria} = xwri</msg>
<var>${palavra_aleatoria}</var>
<arg>${palavra_aleatoria}</arg>
<doc>Converts string to lower case.</doc>
<status status="PASS" start="2024-04-19T20:10:27.443362" elapsed="0.000998"/>
</kw>
<kw name="Set Test Variable" owner="BuiltIn">
<msg time="2024-04-19T20:10:27.445357" level="INFO">${EMAIL_TESTE} = xwri@emailteste.com</msg>
<arg>${EMAIL_TESTE}</arg>
<arg>${palavra_aleatoria}@emailteste.com</arg>
<doc>Makes a variable available everywhere within the scope of the current test.</doc>
<status status="PASS" start="2024-04-19T20:10:27.444360" elapsed="0.000997"/>
</kw>
<kw name="Log" owner="BuiltIn">
<msg time="2024-04-19T20:10:27.446355" level="INFO">xwri@emailteste.com</msg>
<arg>${EMAIL_TESTE}</arg>
<doc>Logs the given message with the given level.</doc>
<status status="PASS" start="2024-04-19T20:10:27.445357" elapsed="0.000998"/>
</kw>
<status status="PASS" start="2024-04-19T20:10:27.442365" elapsed="0.003990"/>
</kw>
<status status="PASS" start="2024-04-19T20:10:27.441368" elapsed="0.004987"/>
</test>
<status status="PASS" start="2024-04-19T20:10:27.041402" elapsed="0.407946"/>
</suite>
<statistics>
<total>
<stat pass="1" fail="0" skip="0">All Tests</stat>
</total>
<tag>
</tag>
<suite>
<stat pass="1" fail="0" skip="0" id="s1" name="Api Testing Usuarios">Api Testing Usuarios</stat>
</suite>
</statistics>
<errors>
</errors>
</robot>
